<?xml version="1.0" encoding="UTF-8"?>
<testsuite name="com.kkulkkeog.file.web.FileControllerTest" tests="1" skipped="0" failures="0" errors="0" timestamp="2021-12-05T07:33:41" hostname="gimhuijun-ui-MacBookPro.local" time="0.302">
  <properties/>
  <testcase name="testPostFile()" classname="com.kkulkkeog.file.web.FileControllerTest" time="0.302"/>
  <system-out><![CDATA[16:33:39.272 [Test worker] DEBUG org.springframework.test.context.BootstrapUtils - Instantiating CacheAwareContextLoaderDelegate from class [org.springframework.test.context.cache.DefaultCacheAwareContextLoaderDelegate]
16:33:39.280 [Test worker] DEBUG org.springframework.test.context.BootstrapUtils - Instantiating BootstrapContext using constructor [public org.springframework.test.context.support.DefaultBootstrapContext(java.lang.Class,org.springframework.test.context.CacheAwareContextLoaderDelegate)]
16:33:39.316 [Test worker] DEBUG org.springframework.test.context.BootstrapUtils - Instantiating TestContextBootstrapper for test class [com.kkulkkeog.file.web.FileControllerTest] from class [org.springframework.boot.test.autoconfigure.web.reactive.WebFluxTestContextBootstrapper]
16:33:39.326 [Test worker] INFO org.springframework.boot.test.autoconfigure.web.reactive.WebFluxTestContextBootstrapper - Neither @ContextConfiguration nor @ContextHierarchy found for test class [com.kkulkkeog.file.web.FileControllerTest], using SpringBootContextLoader
16:33:39.330 [Test worker] DEBUG org.springframework.test.context.support.AbstractContextLoader - Did not detect default resource location for test class [com.kkulkkeog.file.web.FileControllerTest]: class path resource [com/kkulkkeog/file/web/FileControllerTest-context.xml] does not exist
16:33:39.330 [Test worker] DEBUG org.springframework.test.context.support.AbstractContextLoader - Did not detect default resource location for test class [com.kkulkkeog.file.web.FileControllerTest]: class path resource [com/kkulkkeog/file/web/FileControllerTestContext.groovy] does not exist
16:33:39.331 [Test worker] INFO org.springframework.test.context.support.AbstractContextLoader - Could not detect default resource locations for test class [com.kkulkkeog.file.web.FileControllerTest]: no resource found for suffixes {-context.xml, Context.groovy}.
16:33:39.331 [Test worker] INFO org.springframework.test.context.support.AnnotationConfigContextLoaderUtils - Could not detect default configuration classes for test class [com.kkulkkeog.file.web.FileControllerTest]: FileControllerTest does not declare any static, non-private, non-final, nested classes annotated with @Configuration.
16:33:39.383 [Test worker] DEBUG org.springframework.test.context.support.ActiveProfilesUtils - Could not find an 'annotation declaring class' for annotation type [org.springframework.test.context.ActiveProfiles] and class [com.kkulkkeog.file.web.FileControllerTest]
16:33:39.432 [Test worker] DEBUG org.springframework.context.annotation.ClassPathScanningCandidateComponentProvider - Identified candidate component class: file [/Users/heejun/git/kkulkkeog/build/classes/java/main/com/kkulkkeog/kkulkkeogApplication.class]
16:33:39.432 [Test worker] INFO org.springframework.boot.test.context.SpringBootTestContextBootstrapper - Found @SpringBootConfiguration com.kkulkkeog.kkulkkeogApplication for test class com.kkulkkeog.file.web.FileControllerTest
16:33:39.435 [Test worker] DEBUG org.springframework.boot.test.autoconfigure.web.reactive.WebFluxTestContextBootstrapper - @TestExecutionListeners is not present for class [com.kkulkkeog.file.web.FileControllerTest]: using defaults.
16:33:39.435 [Test worker] INFO org.springframework.boot.test.autoconfigure.web.reactive.WebFluxTestContextBootstrapper - Loaded default TestExecutionListener class names from location [META-INF/spring.factories]: [org.springframework.boot.test.autoconfigure.restdocs.RestDocsTestExecutionListener, org.springframework.boot.test.autoconfigure.web.client.MockRestServiceServerResetTestExecutionListener, org.springframework.boot.test.autoconfigure.web.servlet.MockMvcPrintOnlyOnFailureTestExecutionListener, org.springframework.boot.test.autoconfigure.web.servlet.WebDriverTestExecutionListener, org.springframework.boot.test.autoconfigure.webservices.client.MockWebServiceServerTestExecutionListener, org.springframework.boot.test.mock.mockito.MockitoTestExecutionListener, org.springframework.boot.test.mock.mockito.ResetMocksTestExecutionListener, org.springframework.test.context.web.ServletTestExecutionListener, org.springframework.test.context.support.DirtiesContextBeforeModesTestExecutionListener, org.springframework.test.context.event.ApplicationEventsTestExecutionListener, org.springframework.test.context.support.DependencyInjectionTestExecutionListener, org.springframework.test.context.support.DirtiesContextTestExecutionListener, org.springframework.test.context.transaction.TransactionalTestExecutionListener, org.springframework.test.context.jdbc.SqlScriptsTestExecutionListener, org.springframework.test.context.event.EventPublishingTestExecutionListener]
16:33:39.441 [Test worker] DEBUG org.springframework.boot.test.autoconfigure.web.reactive.WebFluxTestContextBootstrapper - Skipping candidate TestExecutionListener [org.springframework.test.context.web.ServletTestExecutionListener] due to a missing dependency. Specify custom listener classes or make the default listener classes and their required dependencies available. Offending class: [javax/servlet/ServletContext]
16:33:39.447 [Test worker] INFO org.springframework.boot.test.autoconfigure.web.reactive.WebFluxTestContextBootstrapper - Using TestExecutionListeners: [org.springframework.test.context.support.DirtiesContextBeforeModesTestExecutionListener@6bdab4ef, org.springframework.test.context.event.ApplicationEventsTestExecutionListener@32036bc9, org.springframework.boot.test.mock.mockito.MockitoTestExecutionListener@221e9c53, org.springframework.boot.test.autoconfigure.SpringBootDependencyInjectionTestExecutionListener@5defa97d, org.springframework.test.context.support.DirtiesContextTestExecutionListener@63ac03e3, org.springframework.test.context.transaction.TransactionalTestExecutionListener@4a58617c, org.springframework.test.context.jdbc.SqlScriptsTestExecutionListener@1c729060, org.springframework.test.context.event.EventPublishingTestExecutionListener@3c7666d2, org.springframework.boot.test.autoconfigure.restdocs.RestDocsTestExecutionListener@3f46c9a4, org.springframework.boot.test.autoconfigure.web.client.MockRestServiceServerResetTestExecutionListener@369c0cb1, org.springframework.boot.test.autoconfigure.web.servlet.MockMvcPrintOnlyOnFailureTestExecutionListener@3e656b92, org.springframework.boot.test.autoconfigure.web.servlet.WebDriverTestExecutionListener@31aada7a, org.springframework.boot.test.autoconfigure.webservices.client.MockWebServiceServerTestExecutionListener@38282e02, org.springframework.boot.test.mock.mockito.ResetMocksTestExecutionListener@6e075432]
16:33:39.450 [Test worker] DEBUG org.springframework.test.context.support.AbstractDirtiesContextTestExecutionListener - Before test class: context [DefaultTestContext@365a4e79 testClass = FileControllerTest, testInstance = [null], testMethod = [null], testException = [null], mergedContextConfiguration = [ReactiveWebMergedContextConfiguration@6b732c8c testClass = FileControllerTest, locations = '{}', classes = '{class com.kkulkkeog.kkulkkeogApplication}', contextInitializerClasses = '[]', activeProfiles = '{}', propertySourceLocations = '{}', propertySourceProperties = '{org.springframework.boot.test.autoconfigure.web.reactive.WebFluxTestContextBootstrapper=true}', contextCustomizers = set[org.springframework.boot.test.autoconfigure.OverrideAutoConfigurationContextCustomizerFactory$DisableAutoConfigurationContextCustomizer@3d908eee, org.springframework.boot.test.autoconfigure.actuate.metrics.MetricsExportContextCustomizerFactory$DisableMetricExportContextCustomizer@6b8c770d, org.springframework.boot.test.autoconfigure.filter.TypeExcludeFiltersContextCustomizer@1c05f5a6, org.springframework.boot.test.autoconfigure.properties.PropertyMappingContextCustomizer@6cf231a8, org.springframework.boot.test.autoconfigure.web.servlet.WebDriverContextCustomizerFactory$Customizer@22942f75, [ImportsContextCustomizer@2e4f9db4 key = [com.kkulkkeog.file.service.FileServiceImpl, com.kkulkkeog.file.service.SimpleFileSave, org.springframework.boot.autoconfigure.cache.CacheAutoConfiguration, org.springframework.boot.autoconfigure.gson.GsonAutoConfiguration, org.springframework.boot.autoconfigure.jackson.JacksonAutoConfiguration, org.springframework.boot.autoconfigure.jsonb.JsonbAutoConfiguration, org.springframework.boot.autoconfigure.context.MessageSourceAutoConfiguration, org.springframework.boot.autoconfigure.freemarker.FreeMarkerAutoConfiguration, org.springframework.boot.autoconfigure.http.codec.CodecsAutoConfiguration, org.springframework.boot.autoconfigure.mustache.MustacheAutoConfiguration, org.springframework.boot.autoconfigure.thymeleaf.ThymeleafAutoConfiguration, org.springframework.boot.autoconfigure.validation.ValidationAutoConfiguration, org.springframework.boot.autoconfigure.web.reactive.WebFluxAutoConfiguration, org.springframework.boot.autoconfigure.web.reactive.error.ErrorWebFluxAutoConfiguration, org.springframework.boot.autoconfigure.security.oauth2.client.reactive.ReactiveOAuth2ClientAutoConfiguration, org.springframework.boot.autoconfigure.security.oauth2.resource.reactive.ReactiveOAuth2ResourceServerAutoConfiguration, org.springframework.boot.autoconfigure.security.reactive.ReactiveSecurityAutoConfiguration, org.springframework.boot.autoconfigure.security.reactive.ReactiveUserDetailsServiceAutoConfiguration, org.springframework.boot.test.autoconfigure.web.reactive.WebTestClientAutoConfiguration]], org.springframework.boot.test.context.filter.ExcludeFilterContextCustomizer@22973b7c, org.springframework.boot.test.json.DuplicateJsonObjectContextCustomizerFactory$DuplicateJsonObjectContextCustomizer@201cf7e2, org.springframework.boot.test.mock.mockito.MockitoContextCustomizer@dd58a08a, org.springframework.boot.test.context.SpringBootTestArgs@1, org.springframework.boot.test.context.SpringBootTestWebEnvironment@0], contextLoader = 'org.springframework.boot.test.context.SpringBootContextLoader', parent = [null]], attributes = map[[empty]]], class annotated with @DirtiesContext [false] with mode [null].
16:33:39.486 [Test worker] DEBUG org.springframework.boot.ApplicationReactiveWebEnvironment - Activating profiles []
16:33:39.502 [Test worker] DEBUG org.springframework.test.context.support.TestPropertySourceUtils - Adding inlined properties to environment: {spring.jmx.enabled=false, org.springframework.boot.test.autoconfigure.web.reactive.WebFluxTestContextBootstrapper=true}

  .   ____          _            __ _ _
 /\\ / ___'_ __ _ _(_)_ __  __ _ \ \ \ \
( ( )\___ | '_ | '_| | '_ \/ _` | \ \ \ \
 \\/  ___)| |_)| | | | | || (_| |  ) ) ) )
  '  |____| .__|_| |_|_| |_\__, | / / / /
 =========|_|==============|___/=/_/_/_/
 :: Spring Boot ::                (v2.6.0)

2021-12-05 16:33:39.810  INFO 11847 --- [    Test worker] c.kkulkkeog.file.web.FileControllerTest  : Starting FileControllerTest using Java 11.0.11 on gimhuijun-ui-MacBookPro.local with PID 11847 (started by heejun in /Users/heejun/git/kkulkkeog)
2021-12-05 16:33:39.811 DEBUG 11847 --- [    Test worker] c.kkulkkeog.file.web.FileControllerTest  : Running with Spring Boot v2.6.0, Spring v5.3.13
2021-12-05 16:33:39.811  INFO 11847 --- [    Test worker] c.kkulkkeog.file.web.FileControllerTest  : No active profile set, falling back to default profiles: default
2021-12-05 16:33:41.114  INFO 11847 --- [    Test worker] c.kkulkkeog.file.web.FileControllerTest  : Started FileControllerTest in 1.609 seconds (JVM running for 2.56)
2021-12-05 16:33:41.139  INFO 11847 --- [    Test worker] c.kkulkkeog.file.web.FileControllerTest  : classPathResource path: images/포대자루.jpeg
2021-12-05 16:33:41.141  INFO 11847 --- [    Test worker] c.kkulkkeog.file.web.FileControllerTest  : classPathResource filename: 포대자루.jpeg
2021-12-05 16:33:41.356 DEBUG 11847 --- [       Thread-5] c.kkulkkeog.file.service.SimpleFileSave  : SimpleFileSave: 1
2021-12-05 16:33:41.356 DEBUG 11847 --- [       Thread-5] c.kkulkkeog.file.service.SimpleFileSave  : SimpleFileSave: /Users/heejun/git/kkulkkeog/src/test/resources/upload/1
2021-12-05 16:33:41.361 DEBUG 11847 --- [       Thread-4] c.kkulkkeog.file.service.SimpleFileSave  : SimpleFileSave: 34601
]]></system-out>
  <system-err><![CDATA[]]></system-err>
</testsuite>
