<?xml version="1.0" encoding="UTF-8"?>
<testsuite name="com.kkulkkeog.member.web.MemberControllerTest" tests="2" skipped="0" failures="0" errors="0" timestamp="2021-12-04T08:22:20" hostname="gimhuijun-ui-MacBookPro.local" time="0.327">
  <properties/>
  <testcase name="testPost()" classname="com.kkulkkeog.member.web.MemberControllerTest" time="0.302"/>
  <testcase name="testDelete()" classname="com.kkulkkeog.member.web.MemberControllerTest" time="0.023"/>
  <system-out><![CDATA[17:22:18.326 [Test worker] DEBUG org.springframework.test.context.BootstrapUtils - Instantiating CacheAwareContextLoaderDelegate from class [org.springframework.test.context.cache.DefaultCacheAwareContextLoaderDelegate]
17:22:18.336 [Test worker] DEBUG org.springframework.test.context.BootstrapUtils - Instantiating BootstrapContext using constructor [public org.springframework.test.context.support.DefaultBootstrapContext(java.lang.Class,org.springframework.test.context.CacheAwareContextLoaderDelegate)]
17:22:18.375 [Test worker] DEBUG org.springframework.test.context.BootstrapUtils - Instantiating TestContextBootstrapper for test class [com.kkulkkeog.member.web.MemberControllerTest] from class [org.springframework.boot.test.autoconfigure.web.reactive.WebFluxTestContextBootstrapper]
17:22:18.385 [Test worker] INFO org.springframework.boot.test.autoconfigure.web.reactive.WebFluxTestContextBootstrapper - Neither @ContextConfiguration nor @ContextHierarchy found for test class [com.kkulkkeog.member.web.MemberControllerTest], using SpringBootContextLoader
17:22:18.389 [Test worker] DEBUG org.springframework.test.context.support.AbstractContextLoader - Did not detect default resource location for test class [com.kkulkkeog.member.web.MemberControllerTest]: class path resource [com/kkulkkeog/member/web/MemberControllerTest-context.xml] does not exist
17:22:18.390 [Test worker] DEBUG org.springframework.test.context.support.AbstractContextLoader - Did not detect default resource location for test class [com.kkulkkeog.member.web.MemberControllerTest]: class path resource [com/kkulkkeog/member/web/MemberControllerTestContext.groovy] does not exist
17:22:18.391 [Test worker] INFO org.springframework.test.context.support.AbstractContextLoader - Could not detect default resource locations for test class [com.kkulkkeog.member.web.MemberControllerTest]: no resource found for suffixes {-context.xml, Context.groovy}.
17:22:18.391 [Test worker] INFO org.springframework.test.context.support.AnnotationConfigContextLoaderUtils - Could not detect default configuration classes for test class [com.kkulkkeog.member.web.MemberControllerTest]: MemberControllerTest does not declare any static, non-private, non-final, nested classes annotated with @Configuration.
17:22:18.462 [Test worker] DEBUG org.springframework.test.context.support.ActiveProfilesUtils - Could not find an 'annotation declaring class' for annotation type [org.springframework.test.context.ActiveProfiles] and class [com.kkulkkeog.member.web.MemberControllerTest]
17:22:18.526 [Test worker] DEBUG org.springframework.context.annotation.ClassPathScanningCandidateComponentProvider - Identified candidate component class: file [/Users/heejun/git/kkulkkeog/build/classes/java/main/com/kkulkkeog/kkulkkeogApplication.class]
17:22:18.527 [Test worker] INFO org.springframework.boot.test.context.SpringBootTestContextBootstrapper - Found @SpringBootConfiguration com.kkulkkeog.kkulkkeogApplication for test class com.kkulkkeog.member.web.MemberControllerTest
17:22:18.530 [Test worker] DEBUG org.springframework.boot.test.autoconfigure.web.reactive.WebFluxTestContextBootstrapper - @TestExecutionListeners is not present for class [com.kkulkkeog.member.web.MemberControllerTest]: using defaults.
17:22:18.531 [Test worker] INFO org.springframework.boot.test.autoconfigure.web.reactive.WebFluxTestContextBootstrapper - Loaded default TestExecutionListener class names from location [META-INF/spring.factories]: [org.springframework.boot.test.autoconfigure.restdocs.RestDocsTestExecutionListener, org.springframework.boot.test.autoconfigure.web.client.MockRestServiceServerResetTestExecutionListener, org.springframework.boot.test.autoconfigure.web.servlet.MockMvcPrintOnlyOnFailureTestExecutionListener, org.springframework.boot.test.autoconfigure.web.servlet.WebDriverTestExecutionListener, org.springframework.boot.test.autoconfigure.webservices.client.MockWebServiceServerTestExecutionListener, org.springframework.boot.test.mock.mockito.MockitoTestExecutionListener, org.springframework.boot.test.mock.mockito.ResetMocksTestExecutionListener, org.springframework.test.context.web.ServletTestExecutionListener, org.springframework.test.context.support.DirtiesContextBeforeModesTestExecutionListener, org.springframework.test.context.event.ApplicationEventsTestExecutionListener, org.springframework.test.context.support.DependencyInjectionTestExecutionListener, org.springframework.test.context.support.DirtiesContextTestExecutionListener, org.springframework.test.context.transaction.TransactionalTestExecutionListener, org.springframework.test.context.jdbc.SqlScriptsTestExecutionListener, org.springframework.test.context.event.EventPublishingTestExecutionListener]
17:22:18.537 [Test worker] DEBUG org.springframework.boot.test.autoconfigure.web.reactive.WebFluxTestContextBootstrapper - Skipping candidate TestExecutionListener [org.springframework.test.context.web.ServletTestExecutionListener] due to a missing dependency. Specify custom listener classes or make the default listener classes and their required dependencies available. Offending class: [javax/servlet/ServletContext]
17:22:18.545 [Test worker] INFO org.springframework.boot.test.autoconfigure.web.reactive.WebFluxTestContextBootstrapper - Using TestExecutionListeners: [org.springframework.test.context.support.DirtiesContextBeforeModesTestExecutionListener@91815f7, org.springframework.test.context.event.ApplicationEventsTestExecutionListener@279955d3, org.springframework.boot.test.mock.mockito.MockitoTestExecutionListener@22d337ec, org.springframework.boot.test.autoconfigure.SpringBootDependencyInjectionTestExecutionListener@41f46f47, org.springframework.test.context.support.DirtiesContextTestExecutionListener@80a6d23, org.springframework.test.context.transaction.TransactionalTestExecutionListener@65d0863c, org.springframework.test.context.jdbc.SqlScriptsTestExecutionListener@5e07b13d, org.springframework.test.context.event.EventPublishingTestExecutionListener@3ceb73ed, org.springframework.boot.test.autoconfigure.restdocs.RestDocsTestExecutionListener@67537226, org.springframework.boot.test.autoconfigure.web.client.MockRestServiceServerResetTestExecutionListener@653f996, org.springframework.boot.test.autoconfigure.web.servlet.MockMvcPrintOnlyOnFailureTestExecutionListener@653e3e38, org.springframework.boot.test.autoconfigure.web.servlet.WebDriverTestExecutionListener@2ad5d69, org.springframework.boot.test.autoconfigure.webservices.client.MockWebServiceServerTestExecutionListener@7e93cd58, org.springframework.boot.test.mock.mockito.ResetMocksTestExecutionListener@67151455]
17:22:18.548 [Test worker] DEBUG org.springframework.test.context.support.AbstractDirtiesContextTestExecutionListener - Before test class: context [DefaultTestContext@1889decc testClass = MemberControllerTest, testInstance = [null], testMethod = [null], testException = [null], mergedContextConfiguration = [ReactiveWebMergedContextConfiguration@4a6bbad3 testClass = MemberControllerTest, locations = '{}', classes = '{class com.kkulkkeog.kkulkkeogApplication}', contextInitializerClasses = '[]', activeProfiles = '{}', propertySourceLocations = '{}', propertySourceProperties = '{org.springframework.boot.test.autoconfigure.web.reactive.WebFluxTestContextBootstrapper=true}', contextCustomizers = set[org.springframework.boot.test.autoconfigure.OverrideAutoConfigurationContextCustomizerFactory$DisableAutoConfigurationContextCustomizer@2b8c9c80, org.springframework.boot.test.autoconfigure.actuate.metrics.MetricsExportContextCustomizerFactory$DisableMetricExportContextCustomizer@2c4c93fe, org.springframework.boot.test.autoconfigure.filter.TypeExcludeFiltersContextCustomizer@357c9561, org.springframework.boot.test.autoconfigure.properties.PropertyMappingContextCustomizer@ebe63979, org.springframework.boot.test.autoconfigure.web.servlet.WebDriverContextCustomizerFactory$Customizer@6c618194, [ImportsContextCustomizer@5ce9d9f8 key = [com.kkulkkeog.member.service.MemberServiceImpl, org.springframework.boot.autoconfigure.cache.CacheAutoConfiguration, org.springframework.boot.autoconfigure.gson.GsonAutoConfiguration, org.springframework.boot.autoconfigure.jackson.JacksonAutoConfiguration, org.springframework.boot.autoconfigure.jsonb.JsonbAutoConfiguration, org.springframework.boot.autoconfigure.context.MessageSourceAutoConfiguration, org.springframework.boot.autoconfigure.freemarker.FreeMarkerAutoConfiguration, org.springframework.boot.autoconfigure.http.codec.CodecsAutoConfiguration, org.springframework.boot.autoconfigure.mustache.MustacheAutoConfiguration, org.springframework.boot.autoconfigure.thymeleaf.ThymeleafAutoConfiguration, org.springframework.boot.autoconfigure.validation.ValidationAutoConfiguration, org.springframework.boot.autoconfigure.web.reactive.WebFluxAutoConfiguration, org.springframework.boot.autoconfigure.web.reactive.error.ErrorWebFluxAutoConfiguration, org.springframework.boot.autoconfigure.security.oauth2.client.reactive.ReactiveOAuth2ClientAutoConfiguration, org.springframework.boot.autoconfigure.security.oauth2.resource.reactive.ReactiveOAuth2ResourceServerAutoConfiguration, org.springframework.boot.autoconfigure.security.reactive.ReactiveSecurityAutoConfiguration, org.springframework.boot.autoconfigure.security.reactive.ReactiveUserDetailsServiceAutoConfiguration, org.springframework.boot.test.autoconfigure.web.reactive.WebTestClientAutoConfiguration]], org.springframework.boot.test.context.filter.ExcludeFilterContextCustomizer@4d5aa07f, org.springframework.boot.test.json.DuplicateJsonObjectContextCustomizerFactory$DuplicateJsonObjectContextCustomizer@4530656e, org.springframework.boot.test.mock.mockito.MockitoContextCustomizer@d77be057, org.springframework.boot.test.context.SpringBootTestArgs@1, org.springframework.boot.test.context.SpringBootTestWebEnvironment@0], contextLoader = 'org.springframework.boot.test.context.SpringBootContextLoader', parent = [null]], attributes = map[[empty]]], class annotated with @DirtiesContext [false] with mode [null].
17:22:18.596 [Test worker] DEBUG org.springframework.boot.ApplicationReactiveWebEnvironment - Activating profiles []
17:22:18.619 [Test worker] DEBUG org.springframework.test.context.support.TestPropertySourceUtils - Adding inlined properties to environment: {spring.jmx.enabled=false, org.springframework.boot.test.autoconfigure.web.reactive.WebFluxTestContextBootstrapper=true}

  .   ____          _            __ _ _
 /\\ / ___'_ __ _ _(_)_ __  __ _ \ \ \ \
( ( )\___ | '_ | '_| | '_ \/ _` | \ \ \ \
 \\/  ___)| |_)| | | | | || (_| |  ) ) ) )
  '  |____| .__|_| |_|_| |_\__, | / / / /
 =========|_|==============|___/=/_/_/_/
 :: Spring Boot ::                (v2.6.0)

2021-12-04 17:22:19.128  INFO 6918 --- [    Test worker] c.k.member.web.MemberControllerTest      : Starting MemberControllerTest using Java 11.0.11 on gimhuijun-ui-MacBookPro.local with PID 6918 (started by heejun in /Users/heejun/git/kkulkkeog)
2021-12-04 17:22:19.129  INFO 6918 --- [    Test worker] c.k.member.web.MemberControllerTest      : No active profile set, falling back to default profiles: default
2021-12-04 17:22:20.881  INFO 6918 --- [    Test worker] c.k.member.web.MemberControllerTest      : Started MemberControllerTest in 2.259 seconds (JVM running for 3.516)
]]></system-out>
  <system-err><![CDATA[]]></system-err>
</testsuite>
