<?xml version="1.0" encoding="UTF-8"?>
<testsuite name="com.kkulkkeog.member.web.MemberControllerTest" tests="2" skipped="0" failures="0" errors="0" timestamp="2021-12-05T12:34:05" hostname="gimhuijun-ui-MacBookPro.local" time="0.09">
  <properties/>
  <testcase name="사용자 저장" classname="com.kkulkkeog.member.web.MemberControllerTest" time="0.069"/>
  <testcase name="사용자 탈퇴" classname="com.kkulkkeog.member.web.MemberControllerTest" time="0.02"/>
  <system-out><![CDATA[2021-12-05 21:34:04.576  INFO 14298 --- [    Test worker] b.t.a.w.r.WebFluxTestContextBootstrapper : Neither @ContextConfiguration nor @ContextHierarchy found for test class [com.kkulkkeog.member.web.MemberControllerTest], using SpringBootContextLoader
2021-12-05 21:34:04.578  INFO 14298 --- [    Test worker] o.s.t.c.support.AbstractContextLoader    : Could not detect default resource locations for test class [com.kkulkkeog.member.web.MemberControllerTest]: no resource found for suffixes {-context.xml, Context.groovy}.
2021-12-05 21:34:04.578  INFO 14298 --- [    Test worker] t.c.s.AnnotationConfigContextLoaderUtils : Could not detect default configuration classes for test class [com.kkulkkeog.member.web.MemberControllerTest]: MemberControllerTest does not declare any static, non-private, non-final, nested classes annotated with @Configuration.
2021-12-05 21:34:04.607  INFO 14298 --- [    Test worker] .b.t.c.SpringBootTestContextBootstrapper : Found @SpringBootConfiguration com.kkulkkeog.kkulkkeogApplication for test class com.kkulkkeog.member.web.MemberControllerTest
2021-12-05 21:34:04.610  INFO 14298 --- [    Test worker] b.t.a.w.r.WebFluxTestContextBootstrapper : Loaded default TestExecutionListener class names from location [META-INF/spring.factories]: [org.springframework.boot.test.autoconfigure.restdocs.RestDocsTestExecutionListener, org.springframework.boot.test.autoconfigure.web.client.MockRestServiceServerResetTestExecutionListener, org.springframework.boot.test.autoconfigure.web.servlet.MockMvcPrintOnlyOnFailureTestExecutionListener, org.springframework.boot.test.autoconfigure.web.servlet.WebDriverTestExecutionListener, org.springframework.boot.test.autoconfigure.webservices.client.MockWebServiceServerTestExecutionListener, org.springframework.boot.test.mock.mockito.MockitoTestExecutionListener, org.springframework.boot.test.mock.mockito.ResetMocksTestExecutionListener, org.springframework.test.context.web.ServletTestExecutionListener, org.springframework.test.context.support.DirtiesContextBeforeModesTestExecutionListener, org.springframework.test.context.event.ApplicationEventsTestExecutionListener, org.springframework.test.context.support.DependencyInjectionTestExecutionListener, org.springframework.test.context.support.DirtiesContextTestExecutionListener, org.springframework.test.context.transaction.TransactionalTestExecutionListener, org.springframework.test.context.jdbc.SqlScriptsTestExecutionListener, org.springframework.test.context.event.EventPublishingTestExecutionListener]
2021-12-05 21:34:04.613  INFO 14298 --- [    Test worker] b.t.a.w.r.WebFluxTestContextBootstrapper : Using TestExecutionListeners: [org.springframework.test.context.support.DirtiesContextBeforeModesTestExecutionListener@15c769e0, org.springframework.test.context.event.ApplicationEventsTestExecutionListener@29b70214, org.springframework.boot.test.mock.mockito.MockitoTestExecutionListener@ca22553, org.springframework.boot.test.autoconfigure.SpringBootDependencyInjectionTestExecutionListener@7cfe72b5, org.springframework.test.context.support.DirtiesContextTestExecutionListener@52d89ca3, org.springframework.test.context.transaction.TransactionalTestExecutionListener@43ee834e, org.springframework.test.context.jdbc.SqlScriptsTestExecutionListener@5e7bbedd, org.springframework.test.context.event.EventPublishingTestExecutionListener@519f047d, org.springframework.boot.test.autoconfigure.restdocs.RestDocsTestExecutionListener@47b4a769, org.springframework.boot.test.autoconfigure.web.client.MockRestServiceServerResetTestExecutionListener@7077b822, org.springframework.boot.test.autoconfigure.web.servlet.MockMvcPrintOnlyOnFailureTestExecutionListener@73797da7, org.springframework.boot.test.autoconfigure.web.servlet.WebDriverTestExecutionListener@5aec2359, org.springframework.boot.test.autoconfigure.webservices.client.MockWebServiceServerTestExecutionListener@38014882, org.springframework.boot.test.mock.mockito.ResetMocksTestExecutionListener@75fa5108]

  .   ____          _            __ _ _
 /\\ / ___'_ __ _ _(_)_ __  __ _ \ \ \ \
( ( )\___ | '_ | '_| | '_ \/ _` | \ \ \ \
 \\/  ___)| |_)| | | | | || (_| |  ) ) ) )
  '  |____| .__|_| |_|_| |_\__, | / / / /
 =========|_|==============|___/=/_/_/_/
 :: Spring Boot ::                (v2.6.0)

2021-12-05 21:34:04.658  INFO 14298 --- [    Test worker] c.k.member.web.MemberControllerTest      : Starting MemberControllerTest using Java 11.0.11 on gimhuijun-ui-MacBookPro.local with PID 14298 (started by heejun in /Users/heejun/git/kkulkkeog)
2021-12-05 21:34:04.659 DEBUG 14298 --- [    Test worker] c.k.member.web.MemberControllerTest      : Running with Spring Boot v2.6.0, Spring v5.3.13
2021-12-05 21:34:04.659  INFO 14298 --- [    Test worker] c.k.member.web.MemberControllerTest      : No active profile set, falling back to default profiles: default
2021-12-05 21:34:05.043  INFO 14298 --- [    Test worker] c.k.member.web.MemberControllerTest      : Started MemberControllerTest in 0.424 seconds (JVM running for 4.211)
]]></system-out>
  <system-err><![CDATA[]]></system-err>
</testsuite>
