<?xml version="1.0" encoding="UTF-8"?>
<testsuite name="com.kkulkkeog.member.web.MemberControllerTest" tests="2" skipped="0" failures="0" errors="0" timestamp="2021-12-02T13:00:46" hostname="gimhuijun-ui-MacBookPro.local" time="0.21">
  <properties/>
  <testcase name="testPost()" classname="com.kkulkkeog.member.web.MemberControllerTest" time="0.193"/>
  <testcase name="testDelete()" classname="com.kkulkkeog.member.web.MemberControllerTest" time="0.015"/>
  <system-out><![CDATA[22:00:44.938 [Test worker] DEBUG org.springframework.test.context.BootstrapUtils - Instantiating CacheAwareContextLoaderDelegate from class [org.springframework.test.context.cache.DefaultCacheAwareContextLoaderDelegate]
22:00:44.947 [Test worker] DEBUG org.springframework.test.context.BootstrapUtils - Instantiating BootstrapContext using constructor [public org.springframework.test.context.support.DefaultBootstrapContext(java.lang.Class,org.springframework.test.context.CacheAwareContextLoaderDelegate)]
22:00:44.977 [Test worker] DEBUG org.springframework.test.context.BootstrapUtils - Instantiating TestContextBootstrapper for test class [com.kkulkkeog.member.web.MemberControllerTest] from class [org.springframework.boot.test.autoconfigure.web.reactive.WebFluxTestContextBootstrapper]
22:00:44.986 [Test worker] INFO org.springframework.boot.test.autoconfigure.web.reactive.WebFluxTestContextBootstrapper - Neither @ContextConfiguration nor @ContextHierarchy found for test class [com.kkulkkeog.member.web.MemberControllerTest], using SpringBootContextLoader
22:00:44.989 [Test worker] DEBUG org.springframework.test.context.support.AbstractContextLoader - Did not detect default resource location for test class [com.kkulkkeog.member.web.MemberControllerTest]: class path resource [com/kkulkkeog/member/web/MemberControllerTest-context.xml] does not exist
22:00:44.990 [Test worker] DEBUG org.springframework.test.context.support.AbstractContextLoader - Did not detect default resource location for test class [com.kkulkkeog.member.web.MemberControllerTest]: class path resource [com/kkulkkeog/member/web/MemberControllerTestContext.groovy] does not exist
22:00:44.991 [Test worker] INFO org.springframework.test.context.support.AbstractContextLoader - Could not detect default resource locations for test class [com.kkulkkeog.member.web.MemberControllerTest]: no resource found for suffixes {-context.xml, Context.groovy}.
22:00:44.991 [Test worker] INFO org.springframework.test.context.support.AnnotationConfigContextLoaderUtils - Could not detect default configuration classes for test class [com.kkulkkeog.member.web.MemberControllerTest]: MemberControllerTest does not declare any static, non-private, non-final, nested classes annotated with @Configuration.
22:00:45.042 [Test worker] DEBUG org.springframework.test.context.support.ActiveProfilesUtils - Could not find an 'annotation declaring class' for annotation type [org.springframework.test.context.ActiveProfiles] and class [com.kkulkkeog.member.web.MemberControllerTest]
22:00:45.089 [Test worker] DEBUG org.springframework.context.annotation.ClassPathScanningCandidateComponentProvider - Identified candidate component class: file [/Users/heejun/git/kkulkkeog/member/build/classes/java/main/com/kkulkkeog/member/MemberApplication.class]
22:00:45.090 [Test worker] INFO org.springframework.boot.test.context.SpringBootTestContextBootstrapper - Found @SpringBootConfiguration com.kkulkkeog.member.MemberApplication for test class com.kkulkkeog.member.web.MemberControllerTest
22:00:45.092 [Test worker] DEBUG org.springframework.boot.test.autoconfigure.web.reactive.WebFluxTestContextBootstrapper - @TestExecutionListeners is not present for class [com.kkulkkeog.member.web.MemberControllerTest]: using defaults.
22:00:45.093 [Test worker] INFO org.springframework.boot.test.autoconfigure.web.reactive.WebFluxTestContextBootstrapper - Loaded default TestExecutionListener class names from location [META-INF/spring.factories]: [org.springframework.boot.test.autoconfigure.restdocs.RestDocsTestExecutionListener, org.springframework.boot.test.autoconfigure.web.client.MockRestServiceServerResetTestExecutionListener, org.springframework.boot.test.autoconfigure.web.servlet.MockMvcPrintOnlyOnFailureTestExecutionListener, org.springframework.boot.test.autoconfigure.web.servlet.WebDriverTestExecutionListener, org.springframework.boot.test.autoconfigure.webservices.client.MockWebServiceServerTestExecutionListener, org.springframework.boot.test.mock.mockito.MockitoTestExecutionListener, org.springframework.boot.test.mock.mockito.ResetMocksTestExecutionListener, org.springframework.test.context.web.ServletTestExecutionListener, org.springframework.test.context.support.DirtiesContextBeforeModesTestExecutionListener, org.springframework.test.context.event.ApplicationEventsTestExecutionListener, org.springframework.test.context.support.DependencyInjectionTestExecutionListener, org.springframework.test.context.support.DirtiesContextTestExecutionListener, org.springframework.test.context.transaction.TransactionalTestExecutionListener, org.springframework.test.context.jdbc.SqlScriptsTestExecutionListener, org.springframework.test.context.event.EventPublishingTestExecutionListener]
22:00:45.098 [Test worker] DEBUG org.springframework.boot.test.autoconfigure.web.reactive.WebFluxTestContextBootstrapper - Skipping candidate TestExecutionListener [org.springframework.test.context.web.ServletTestExecutionListener] due to a missing dependency. Specify custom listener classes or make the default listener classes and their required dependencies available. Offending class: [javax/servlet/ServletContext]
22:00:45.104 [Test worker] INFO org.springframework.boot.test.autoconfigure.web.reactive.WebFluxTestContextBootstrapper - Using TestExecutionListeners: [org.springframework.test.context.support.DirtiesContextBeforeModesTestExecutionListener@41f46f47, org.springframework.test.context.event.ApplicationEventsTestExecutionListener@80a6d23, org.springframework.boot.test.mock.mockito.MockitoTestExecutionListener@65d0863c, org.springframework.boot.test.autoconfigure.SpringBootDependencyInjectionTestExecutionListener@5e07b13d, org.springframework.test.context.support.DirtiesContextTestExecutionListener@3ceb73ed, org.springframework.test.context.transaction.TransactionalTestExecutionListener@67537226, org.springframework.test.context.jdbc.SqlScriptsTestExecutionListener@653f996, org.springframework.test.context.event.EventPublishingTestExecutionListener@653e3e38, org.springframework.boot.test.autoconfigure.restdocs.RestDocsTestExecutionListener@2ad5d69, org.springframework.boot.test.autoconfigure.web.client.MockRestServiceServerResetTestExecutionListener@7e93cd58, org.springframework.boot.test.autoconfigure.web.servlet.MockMvcPrintOnlyOnFailureTestExecutionListener@67151455, org.springframework.boot.test.autoconfigure.web.servlet.WebDriverTestExecutionListener@734e2971, org.springframework.boot.test.autoconfigure.webservices.client.MockWebServiceServerTestExecutionListener@1be06464, org.springframework.boot.test.mock.mockito.ResetMocksTestExecutionListener@7bf9934d]
22:00:45.107 [Test worker] DEBUG org.springframework.test.context.support.AbstractDirtiesContextTestExecutionListener - Before test class: context [DefaultTestContext@3541d523 testClass = MemberControllerTest, testInstance = [null], testMethod = [null], testException = [null], mergedContextConfiguration = [ReactiveWebMergedContextConfiguration@63e802f9 testClass = MemberControllerTest, locations = '{}', classes = '{class com.kkulkkeog.member.MemberApplication}', contextInitializerClasses = '[]', activeProfiles = '{}', propertySourceLocations = '{}', propertySourceProperties = '{org.springframework.boot.test.autoconfigure.web.reactive.WebFluxTestContextBootstrapper=true}', contextCustomizers = set[org.springframework.boot.test.autoconfigure.OverrideAutoConfigurationContextCustomizerFactory$DisableAutoConfigurationContextCustomizer@2b8c9c80, org.springframework.boot.test.autoconfigure.actuate.metrics.MetricsExportContextCustomizerFactory$DisableMetricExportContextCustomizer@2c4c93fe, org.springframework.boot.test.autoconfigure.filter.TypeExcludeFiltersContextCustomizer@357c9561, org.springframework.boot.test.autoconfigure.properties.PropertyMappingContextCustomizer@ebe63979, org.springframework.boot.test.autoconfigure.web.servlet.WebDriverContextCustomizerFactory$Customizer@6c618194, [ImportsContextCustomizer@74c29175 key = [com.kkulkkeog.member.service.MemberServiceImpl, org.springframework.boot.autoconfigure.cache.CacheAutoConfiguration, org.springframework.boot.autoconfigure.gson.GsonAutoConfiguration, org.springframework.boot.autoconfigure.jackson.JacksonAutoConfiguration, org.springframework.boot.autoconfigure.jsonb.JsonbAutoConfiguration, org.springframework.boot.autoconfigure.context.MessageSourceAutoConfiguration, org.springframework.boot.autoconfigure.freemarker.FreeMarkerAutoConfiguration, org.springframework.boot.autoconfigure.http.codec.CodecsAutoConfiguration, org.springframework.boot.autoconfigure.mustache.MustacheAutoConfiguration, org.springframework.boot.autoconfigure.thymeleaf.ThymeleafAutoConfiguration, org.springframework.boot.autoconfigure.validation.ValidationAutoConfiguration, org.springframework.boot.autoconfigure.web.reactive.WebFluxAutoConfiguration, org.springframework.boot.autoconfigure.web.reactive.error.ErrorWebFluxAutoConfiguration, org.springframework.boot.autoconfigure.security.oauth2.client.reactive.ReactiveOAuth2ClientAutoConfiguration, org.springframework.boot.autoconfigure.security.oauth2.resource.reactive.ReactiveOAuth2ResourceServerAutoConfiguration, org.springframework.boot.autoconfigure.security.reactive.ReactiveSecurityAutoConfiguration, org.springframework.boot.autoconfigure.security.reactive.ReactiveUserDetailsServiceAutoConfiguration, org.springframework.boot.test.autoconfigure.web.reactive.WebTestClientAutoConfiguration]], org.springframework.boot.test.context.filter.ExcludeFilterContextCustomizer@4d5aa07f, org.springframework.boot.test.json.DuplicateJsonObjectContextCustomizerFactory$DuplicateJsonObjectContextCustomizer@4530656e, org.springframework.boot.test.mock.mockito.MockitoContextCustomizer@d77be057, org.springframework.boot.test.context.SpringBootTestArgs@1, org.springframework.boot.test.context.SpringBootTestWebEnvironment@0], contextLoader = 'org.springframework.boot.test.context.SpringBootContextLoader', parent = [null]], attributes = map[[empty]]], class annotated with @DirtiesContext [false] with mode [null].
22:00:45.145 [Test worker] DEBUG org.springframework.boot.ApplicationReactiveWebEnvironment - Activating profiles []
22:00:45.163 [Test worker] DEBUG org.springframework.test.context.support.TestPropertySourceUtils - Adding inlined properties to environment: {spring.jmx.enabled=false, org.springframework.boot.test.autoconfigure.web.reactive.WebFluxTestContextBootstrapper=true}

  .   ____          _            __ _ _
 /\\ / ___'_ __ _ _(_)_ __  __ _ \ \ \ \
( ( )\___ | '_ | '_| | '_ \/ _` | \ \ \ \
 \\/  ___)| |_)| | | | | || (_| |  ) ) ) )
  '  |____| .__|_| |_|_| |_\__, | / / / /
 =========|_|==============|___/=/_/_/_/
 :: Spring Boot ::                (v2.6.0)

2021-12-02 22:00:45.514  INFO 5374 --- [    Test worker] c.k.member.web.MemberControllerTest      : Starting MemberControllerTest using Java 11.0.11 on gimhuijun-ui-MacBookPro.local with PID 5374 (started by heejun in /Users/heejun/git/kkulkkeog/member)
2021-12-02 22:00:45.515  INFO 5374 --- [    Test worker] c.k.member.web.MemberControllerTest      : No active profile set, falling back to default profiles: default
2021-12-02 22:00:46.752  INFO 5374 --- [    Test worker] c.k.member.web.MemberControllerTest      : Started MemberControllerTest in 1.587 seconds (JVM running for 2.5)
]]></system-out>
  <system-err><![CDATA[]]></system-err>
</testsuite>
